<?xml version="1.0" encoding="UTF-8"?>
<!-- Generated by org.testng.reporters.JUnitReportReporter -->
<testsuite hostname="LAPTOP-U3PO2TCO" failures="0" tests="5" name="com.amazon.runner.Tests" time="109.943" errors="0" timestamp="2021-09-02T18:02:45 IST" skipped="0">
  <testcase classname="com.amazon.runner.Tests" name="searchproduct" time="35.599"/>
  <system-out/>
  <testcase classname="com.amazon.runner.Tests" name="searchproduct" time="30.605"/>
  <system-out/>
  <testcase classname="com.amazon.runner.Tests" name="searchproduct" time="11.869"/>
  <system-out/>
  <testcase classname="com.amazon.runner.Tests" name="searchproduct" time="14.701"/>
  <system-out/>
  <testcase classname="com.amazon.runner.Tests" name="searchproduct" time="17.169"/>
  <system-out/>
</testsuite> <!-- com.amazon.runner.Tests -->
