<?xml version="1.0" encoding="UTF-8"?>
<!-- Generated by org.testng.reporters.JUnitReportReporter -->
<testsuite name="com.amazon.runner.Tests" tests="7" time="90.754" ignored="0" failures="0" timestamp="11 Sep 2021 10:58:20 GMT" skipped="0" hostname="LAPTOP-U3PO2TCO" errors="0">
  <testcase name="basenavigation" time="13.689" classname="com.amazon.runner.Tests"/>
  <testcase name="searchproduct" time="14.088" classname="com.amazon.runner.Tests"/>
  <testcase name="basenavigation" time="14.015" classname="com.amazon.runner.Tests"/>
  <testcase name="searchproduct" time="9.245" classname="com.amazon.runner.Tests"/>
  <testcase name="searchproduct" time="17.132" classname="com.amazon.runner.Tests"/>
  <testcase name="searchproduct" time="11.104" classname="com.amazon.runner.Tests"/>
  <testcase name="searchproduct" time="11.481" classname="com.amazon.runner.Tests"/>
</testsuite> <!-- com.amazon.runner.Tests -->
